<?xml version="1.0" encoding="UTF-8"?>
<robot generator="Robot 5.0.1 (Python 3.10.6 on win32)" generated="20221008 09:15:55.625" rpa="false" schemaversion="3">
<suite id="s1" name="6-Botoes" source="c:\Users\tiago.santos\OneDrive\Documentos\Automação de Testes\RobotFramework\Mobile\Learning_AppiumWithRobot\Tests\6-botoes.robot">
<test id="s1-t1" name="Deve clicar uma vez" line="9">
<kw name="Abre a aplicação" library="Controller" type="SETUP">
<kw name="Set Appium Timeout" library="AppiumLibrary">
<arg>8</arg>
<doc>Sets the timeout in seconds used by various keywords.</doc>
<status status="PASS" starttime="20221008 09:15:55.860" endtime="20221008 09:15:55.860"/>
</kw>
<kw name="Open Application" library="AppiumLibrary">
<arg>http://127.0.0.1:4723/wd/hub</arg>
<arg>automationName=UiAutomator2</arg>
<arg>platformName=Android</arg>
<arg>deviceName=Emulator</arg>
<arg>app=${EXECDIR}/App/twp.apk</arg>
<doc>Opens a new application to given Appium server.
Capabilities of appium server, Android and iOS,
Please check https://github.com/appium/appium/blob/master/docs/en/writing-running-appium/server-args.md
| *Option*            | *Man.* | *Description*     |
| remote_url          | Yes    | Appium server url |
| alias               | no     | alias             |</doc>
<status status="PASS" starttime="20221008 09:15:55.861" endtime="20221008 09:16:07.797"/>
</kw>
<kw name="Aguardar e clicar em COMEÇAR" library="Functions">
<kw name="Wait Until Page Contains" library="AppiumLibrary">
<arg>COMEÇAR</arg>
<doc>Waits until `text` appears on current page.</doc>
<status status="PASS" starttime="20221008 09:16:07.798" endtime="20221008 09:16:11.802"/>
</kw>
<kw name="Click Text" library="AppiumLibrary">
<arg>COMEÇAR</arg>
<doc>Click text identified by ``text``.</doc>
<status status="PASS" starttime="20221008 09:16:11.802" endtime="20221008 09:16:12.661"/>
</kw>
<status status="PASS" starttime="20221008 09:16:07.797" endtime="20221008 09:16:12.661"/>
</kw>
<status status="PASS" starttime="20221008 09:15:55.860" endtime="20221008 09:16:12.661"/>
</kw>
<kw name="Acessa tela Botões" library="Functions">
<kw name="Clica no botão hamburguer e valida resultado" library="Functions">
<kw name="Wait Until Element Is Visible" library="AppiumLibrary">
<arg>${Hamburguer}</arg>
<doc>Waits until element specified with `locator` is visible.</doc>
<status status="PASS" starttime="20221008 09:16:12.662" endtime="20221008 09:16:14.035"/>
</kw>
<kw name="Click Element" library="AppiumLibrary">
<arg>${Hamburguer}</arg>
<doc>Click element identified by `locator`.</doc>
<msg timestamp="20221008 09:16:14.036" level="INFO">Clicking element 'xpath=//android.widget.ImageButton[@content-desc="Open navigation drawer"]'.</msg>
<status status="PASS" starttime="20221008 09:16:14.035" endtime="20221008 09:16:14.130"/>
</kw>
<kw name="Wait Until Element Is Visible" library="AppiumLibrary">
<arg>${NavView}</arg>
<doc>Waits until element specified with `locator` is visible.</doc>
<status status="PASS" starttime="20221008 09:16:14.130" endtime="20221008 09:16:15.144"/>
</kw>
<status status="PASS" starttime="20221008 09:16:12.662" endtime="20221008 09:16:15.144"/>
</kw>
<kw name="Click Text" library="AppiumLibrary">
<arg>BOTÕES</arg>
<doc>Click text identified by ``text``.</doc>
<status status="PASS" starttime="20221008 09:16:15.144" endtime="20221008 09:16:15.288"/>
</kw>
<kw name="Wait Until Page Contains" library="AppiumLibrary">
<arg>BOTÕES</arg>
<doc>Waits until `text` appears on current page.</doc>
<status status="PASS" starttime="20221008 09:16:15.288" endtime="20221008 09:16:15.921"/>
</kw>
<status status="PASS" starttime="20221008 09:16:12.662" endtime="20221008 09:16:15.921"/>
</kw>
<kw name="Acessa tela Clique Simples" library="Functions">
<kw name="Click Text" library="AppiumLibrary">
<arg>CLIQUE SIMPLES</arg>
<doc>Click text identified by ``text``.</doc>
<status status="PASS" starttime="20221008 09:16:15.922" endtime="20221008 09:16:16.381"/>
</kw>
<kw name="Wait Until Page Contains" library="AppiumLibrary">
<arg>${MSG_BtnCliqueSimples}</arg>
<doc>Waits until `text` appears on current page.</doc>
<status status="PASS" starttime="20221008 09:16:16.382" endtime="20221008 09:16:17.274"/>
</kw>
<status status="PASS" starttime="20221008 09:16:15.921" endtime="20221008 09:16:17.274"/>
</kw>
<kw name="Click Element" library="AppiumLibrary">
<arg>${BTN_CliqueSimples}</arg>
<doc>Click element identified by `locator`.</doc>
<msg timestamp="20221008 09:16:17.276" level="INFO">Clicking element 'id=io.qaninja.android.twp:id/short_click'.</msg>
<status status="PASS" starttime="20221008 09:16:17.274" endtime="20221008 09:16:17.340"/>
</kw>
<kw name="Wait Until Page Contains" library="AppiumLibrary">
<arg>${MSG_BtnCliqueSimples}</arg>
<doc>Waits until `text` appears on current page.</doc>
<status status="PASS" starttime="20221008 09:16:17.341" endtime="20221008 09:16:17.504"/>
</kw>
<kw name="Fecha a aplicação" library="Controller" type="TEARDOWN">
<kw name="Close Application" library="AppiumLibrary">
<doc>Closes the current application and also close webdriver session.</doc>
<status status="PASS" starttime="20221008 09:16:17.505" endtime="20221008 09:16:18.754"/>
</kw>
<status status="PASS" starttime="20221008 09:16:17.505" endtime="20221008 09:16:18.755"/>
</kw>
<status status="PASS" starttime="20221008 09:15:55.859" endtime="20221008 09:16:18.770"/>
</test>
<status status="PASS" starttime="20221008 09:15:55.631" endtime="20221008 09:16:18.775"/>
</suite>
<statistics>
<total>
<stat pass="1" fail="0" skip="0">All Tests</stat>
</total>
<tag>
</tag>
<suite>
<stat pass="1" fail="0" skip="0" id="s1" name="6-Botoes">6-Botoes</stat>
</suite>
</statistics>
<errors>
</errors>
</robot>
