<?xml version="1.0" encoding="UTF-8"?>
<robot generator="Robot 5.0.1 (Python 3.10.4 on win32)" generated="20220606 22:00:38.622" rpa="false" schemaversion="3">
<suite id="s1" name="Hello" source="C:\Users\Tiago Gomes\OneDrive\Documentos\Automação de Testes\RobotFramework\Mobile\Learning_AppiumWithRobot\hello.robot">
<test id="s1-t1" name="Deve retornar mensadem de boas vindas" line="6">
<kw name="Hello Robot" library="hello">
<var>${resultado}</var>
<msg timestamp="20220606 22:00:38.654" level="INFO">${resultado} = Olá, Tiago Gomes.</msg>
<status status="PASS" starttime="20220606 22:00:38.654" endtime="20220606 22:00:38.654"/>
</kw>
<kw name="Should Be Equal" library="BuiltIn">
<arg>${resultado}</arg>
<arg>Olá, Tiago Gomes.</arg>
<doc>Fails if the given objects are unequal.</doc>
<status status="PASS" starttime="20220606 22:00:38.655" endtime="20220606 22:00:38.656"/>
</kw>
<status status="PASS" starttime="20220606 22:00:38.653" endtime="20220606 22:00:38.656"/>
</test>
<status status="PASS" starttime="20220606 22:00:38.624" endtime="20220606 22:00:38.658"/>
</suite>
<statistics>
<total>
<stat pass="1" fail="0" skip="0">All Tests</stat>
</total>
<tag>
</tag>
<suite>
<stat pass="1" fail="0" skip="0" id="s1" name="Hello">Hello</stat>
</suite>
</statistics>
<errors>
</errors>
</robot>
