<?xml version="1.0" encoding="UTF-8"?>
<robot generator="Robot 5.0.1 (Python 3.10.4 on win32)" generated="20220610 14:49:35.019" rpa="false" schemaversion="3">
<suite id="s1" name="Nav" source="C:\Users\Tiago Gomes\OneDrive\Documentos\Automação de Testes\RobotFramework\Mobile\Learning_AppiumWithRobot\nav.robot">
<test id="s1-t1" name="Deve abrir a tela Dialogs" line="6">
<kw name="Open Application" library="AppiumLibrary">
<arg>http://localhost:4723/wd/hub</arg>
<arg>automationName=UiAutomator2</arg>
<arg>platformName=Android</arg>
<arg>deviceName=Emulator</arg>
<arg>app=${EXECDIR}/APK/twp.apk</arg>
<doc>Opens a new application to given Appium server.
Capabilities of appium server, Android and iOS,
Please check https://github.com/appium/appium/blob/master/docs/en/writing-running-appium/server-args.md
| *Option*            | *Man.* | *Description*     |
| remote_url          | Yes    | Appium server url |
| alias               | no     | alias             |</doc>
<status status="PASS" starttime="20220610 14:49:35.278" endtime="20220610 14:49:46.858"/>
</kw>
<kw name="Wait Until Page Contains" library="AppiumLibrary">
<arg>COMEÇAR</arg>
<arg>5</arg>
<doc>Waits until `text` appears on current page.</doc>
<status status="PASS" starttime="20220610 14:49:46.859" endtime="20220610 14:49:50.696"/>
</kw>
<kw name="Click Text" library="AppiumLibrary">
<arg>COMEÇAR</arg>
<doc>Click text identified by ``text``.</doc>
<status status="PASS" starttime="20220610 14:49:50.697" endtime="20220610 14:49:51.196"/>
</kw>
<kw name="Wait Until Element Is Visible" library="AppiumLibrary">
<arg>xpath = //android.widget.ImageButton[@content-desc="Open navigation drawer"]</arg>
<arg>5</arg>
<doc>Waits until element specified with `locator` is visible.</doc>
<kw name="Capture Page Screenshot" library="AppiumLibrary">
<doc>Takes a screenshot of the current page and embeds it into the log.</doc>
<msg timestamp="20220610 14:49:53.225" level="INFO" html="true">&lt;/td&gt;&lt;/tr&gt;&lt;tr&gt;&lt;td colspan="3"&gt;&lt;a href="appium-screenshot-1.png"&gt;&lt;img src="appium-screenshot-1.png" width="800px"&gt;&lt;/a&gt;</msg>
<status status="PASS" starttime="20220610 14:49:52.384" endtime="20220610 14:49:53.225"/>
</kw>
<msg timestamp="20220610 14:49:53.226" level="FAIL">AttributeError: type object 'Command' has no attribute 'IS_ELEMENT_DISPLAYED'</msg>
<status status="FAIL" starttime="20220610 14:49:51.197" endtime="20220610 14:49:53.228"/>
</kw>
<kw name="Click Element" library="AppiumLibrary">
<arg>xpath=//android.widget.ImageButton[@content-desc="Open navigation drawer"]</arg>
<doc>Click element identified by `locator`.</doc>
<status status="NOT RUN" starttime="20220610 14:49:53.229" endtime="20220610 14:49:53.229"/>
</kw>
<kw name="Wait Until Element Is Visible" library="AppiumLibrary">
<arg>id=io.qaninja.android.twp:id/navView</arg>
<arg>5</arg>
<doc>Waits until element specified with `locator` is visible.</doc>
<status status="NOT RUN" starttime="20220610 14:49:53.229" endtime="20220610 14:49:53.229"/>
</kw>
<kw name="Click Text" library="AppiumLibrary">
<arg>DIALOGS</arg>
<doc>Click text identified by ``text``.</doc>
<status status="NOT RUN" starttime="20220610 14:49:53.230" endtime="20220610 14:49:53.230"/>
</kw>
<kw name="Wait Until Element Is Visible" library="AppiumLibrary">
<arg>id=io.qaninja.android.twp:id/toolbarTitle</arg>
<arg>5</arg>
<doc>Waits until element specified with `locator` is visible.</doc>
<status status="NOT RUN" starttime="20220610 14:49:53.230" endtime="20220610 14:49:53.230"/>
</kw>
<kw name="Element Text Should Be" library="AppiumLibrary">
<arg>id=io.qaninja.android.twp:id/toolbarTitle</arg>
<arg>DIALOGS</arg>
<doc>Verifies element identified by ``locator`` exactly contains text ``expected``.</doc>
<status status="NOT RUN" starttime="20220610 14:49:53.230" endtime="20220610 14:49:53.230"/>
</kw>
<kw name="Close Application" library="AppiumLibrary">
<doc>Closes the current application and also close webdriver session.</doc>
<status status="NOT RUN" starttime="20220610 14:49:53.231" endtime="20220610 14:49:53.231"/>
</kw>
<status status="FAIL" starttime="20220610 14:49:35.278" endtime="20220610 14:49:53.232">AttributeError: type object 'Command' has no attribute 'IS_ELEMENT_DISPLAYED'</status>
</test>
<status status="FAIL" starttime="20220610 14:49:35.021" endtime="20220610 14:49:53.233"/>
</suite>
<statistics>
<total>
<stat pass="0" fail="1" skip="0">All Tests</stat>
</total>
<tag>
</tag>
<suite>
<stat pass="0" fail="1" skip="0" id="s1" name="Nav">Nav</stat>
</suite>
</statistics>
<errors>
</errors>
</robot>
